

*******************************************************************************
Sat Mar 17 18:18:02 2018


FIT:    data read from "./data/tiempo_worst_case_mergesort.dat"
        format = z
        #datapoints = 50
        residuals are weighted equally (unit weight)

function used for fitting: f(x)
	f(x) = (a*x*log(x)/log(2)) +b
fitted parameters initialized with current variable values

iter      chisq       delta/lim  lambda   a             b            
   0 9.8530870082e+12   0.00e+00  3.14e+05    1.000000e+00   1.000000e+00
   9 3.7511615326e-05  -1.82e-03  3.14e-04    1.176958e-08  -1.746418e-05

After 9 iterations the fit converged.
final sum of squares of residuals : 3.75116e-05
rel. change during last iteration : -1.82246e-08

degrees of freedom    (FIT_NDF)                        : 48
rms of residuals      (FIT_STDFIT) = sqrt(WSSR/ndf)    : 0.00088402
variance of residuals (reduced chisquare) = WSSR/ndf   : 7.81492e-07

Final set of parameters            Asymptotic Standard Error
=======================            ==========================
a               = 1.17696e-08      +/- 5.449e-10    (4.63%)
b               = -1.74642e-05     +/- 0.0002419    (1385%)

correlation matrix of the fit parameters:
                a      b      
a               1.000 
b              -0.856  1.000 
