

*******************************************************************************
Thu Mar 15 16:37:05 2018


FIT:    data read from "tiempo_worst_case_usoabb.dat"
        format = z
        #datapoints = 50
        residuals are weighted equally (unit weight)

function used for fitting: f(x)
	f(x) = (a*(log(x)/log(2))+b)
fitted parameters initialized with current variable values

iter      chisq       delta/lim  lambda   a             b            
   0 5.9142854076e+03   0.00e+00  1.01e+01    1.000000e+00   1.000000e+00
   5 1.3125472656e+03  -1.83e-06  1.01e-04    3.971428e+00  -5.016291e+01

After 5 iterations the fit converged.
final sum of squares of residuals : 1312.55
rel. change during last iteration : -1.83318e-11

degrees of freedom    (FIT_NDF)                        : 48
rms of residuals      (FIT_STDFIT) = sqrt(WSSR/ndf)    : 5.22922
variance of residuals (reduced chisquare) = WSSR/ndf   : 27.3447

Final set of parameters            Asymptotic Standard Error
=======================            ==========================
a               = 3.97143          +/- 0.5824       (14.66%)
b               = -50.1629         +/- 8.331        (16.61%)

correlation matrix of the fit parameters:
                a      b      
a               1.000 
b              -0.996  1.000 


*******************************************************************************
Thu Mar 15 16:41:01 2018


FIT:    data read from "tiempo_best_case_usoabb.dat"
        format = z
        #datapoints = 50
        residuals are weighted equally (unit weight)

function used for fitting: f(x)
	f(x) = (a*x*log(x)/log(2)) + b
fitted parameters initialized with current variable values

iter      chisq       delta/lim  lambda   a             b            
   0 9.8530868874e+12   0.00e+00  3.14e+05    1.000000e+00   1.000000e+00
   9 3.9478574752e-05  -1.73e-03  3.14e-04    1.846996e-08  -3.144337e-04

After 9 iterations the fit converged.
final sum of squares of residuals : 3.94786e-05
rel. change during last iteration : -1.73269e-08

degrees of freedom    (FIT_NDF)                        : 48
rms of residuals      (FIT_STDFIT) = sqrt(WSSR/ndf)    : 0.000906901
variance of residuals (reduced chisquare) = WSSR/ndf   : 8.2247e-07

Final set of parameters            Asymptotic Standard Error
=======================            ==========================
a               = 1.847e-08        +/- 5.59e-10     (3.027%)
b               = -0.000314434     +/- 0.0002482    (78.92%)

correlation matrix of the fit parameters:
                a      b      
a               1.000 
b              -0.856  1.000 


*******************************************************************************
Sat Mar 17 18:06:48 2018


FIT:    data read from "tiempo_best_case_usoabb.dat"
        format = z
        #datapoints = 100
        residuals are weighted equally (unit weight)

function used for fitting: f(x)
	f(x) = (a*x*log(x)/log(2))+b
fitted parameters initialized with current variable values

iter      chisq       delta/lim  lambda   a             b            
   0 1.2460082956e+16   0.00e+00  7.89e+06    1.000000e+00   1.000000e+00
   4 2.6772532894e+01  -8.73e-02  7.89e+02   -6.570790e-08   9.999995e-01

After 4 iterations the fit converged.
final sum of squares of residuals : 26.7725
rel. change during last iteration : -8.72554e-07

degrees of freedom    (FIT_NDF)                        : 98
rms of residuals      (FIT_STDFIT) = sqrt(WSSR/ndf)    : 0.522675
variance of residuals (reduced chisquare) = WSSR/ndf   : 0.273189

Final set of parameters            Asymptotic Standard Error
=======================            ==========================
a               = -6.57079e-08     +/- 8.981e-09    (13.67%)
b               = 0.999999         +/- 0.1003       (10.03%)

correlation matrix of the fit parameters:
                a      b      
a               1.000 
b              -0.853  1.000 


*******************************************************************************
Sat Mar 17 18:10:19 2018


FIT:    data read from "tiempo_best_case_usoabb.dat"
        format = z
        #datapoints = 100
        residuals are weighted equally (unit weight)

function used for fitting: (x)
fitted parameters initialized with current variable values

iter      chisq       delta/lim  lambda   a             b            
   0 3.2934086232e+13   0.00e+00  0.00e+00    1.000000e+00   1.000000e+00
BREAK: Singular matrix in Givens()

*******************************************************************************
Sat Mar 17 18:11:35 2018


FIT:    data read from "tiempo_best_case_usoabb.dat"
        format = z
        #datapoints = 100
        residuals are weighted equally (unit weight)

function used for fitting: f(x)
	f(x) = (a*x*log(x)/log(2))+b
fitted parameters initialized with current variable values

iter      chisq       delta/lim  lambda   a             b            
   0 1.2460082956e+16   0.00e+00  7.89e+06    1.000000e+00   1.000000e+00
   4 2.6772532894e+01  -8.73e-02  7.89e+02   -6.570790e-08   9.999995e-01

After 4 iterations the fit converged.
final sum of squares of residuals : 26.7725
rel. change during last iteration : -8.72554e-07

degrees of freedom    (FIT_NDF)                        : 98
rms of residuals      (FIT_STDFIT) = sqrt(WSSR/ndf)    : 0.522675
variance of residuals (reduced chisquare) = WSSR/ndf   : 0.273189

Final set of parameters            Asymptotic Standard Error
=======================            ==========================
a               = -6.57079e-08     +/- 8.981e-09    (13.67%)
b               = 0.999999         +/- 0.1003       (10.03%)

correlation matrix of the fit parameters:
                a      b      
a               1.000 
b              -0.853  1.000 


*******************************************************************************
Sat Mar 17 18:17:28 2018


FIT:    data read from "tiempo_best_case_usoabb.dat"
        format = z
        #datapoints = 100
        residuals are weighted equally (unit weight)

function used for fitting: f(x)
	f(x) = (a*x*log(x)/log(2))+b
fitted parameters initialized with current variable values

iter      chisq       delta/lim  lambda   a             b            
   0 2.8119478700e+15   0.00e+00  3.75e+06    1.000000e+00   1.000000e+00
   4 2.6955677850e+01  -3.87e-01  3.75e+02   -1.489363e-07   9.999979e-01

After 4 iterations the fit converged.
final sum of squares of residuals : 26.9557
rel. change during last iteration : -3.87065e-06

degrees of freedom    (FIT_NDF)                        : 98
rms of residuals      (FIT_STDFIT) = sqrt(WSSR/ndf)    : 0.52446
variance of residuals (reduced chisquare) = WSSR/ndf   : 0.275058

Final set of parameters            Asymptotic Standard Error
=======================            ==========================
a               = -1.48936e-07     +/- 1.896e-08    (12.73%)
b               = 0.999998         +/- 0.1005       (10.05%)

correlation matrix of the fit parameters:
                a      b      
a               1.000 
b              -0.853  1.000 
